debug|2020-11-22 23:19:41.8660:
 caller:    ASPNETCore.Program.Main
 message:   init main
 exception: 
debug|2020-11-22 23:19:41.9509:
 caller:    ASPNETCore.Program.Main
 message:   path to appsetting.json file set to: C:\Users\borsu\Documents\school\msa\tutorial\ASP.NET-Core\bin\Debug\netcoreapp3.1
 exception: 
debug|2020-11-22 23:19:41.9509:
 caller:    ASPNETCore.Program.Main
 message:   Starting app
 exception: 
error|2020-11-22 23:19:42.3833:
 caller:    ASPNETCore.Program.Main
 message:   Stopped program because of exception
 exception: System.InvalidOperationException: Application is running inside IIS process but is not configured to use IIS server.
   at Microsoft.AspNetCore.Server.IIS.Core.IISServerSetupFilter.<>c__DisplayClass2_0.<Configure>b__0(IApplicationBuilder app)
   at Microsoft.AspNetCore.HostFilteringStartupFilter.<>c__DisplayClass0_0.<Configure>b__0(IApplicationBuilder app)
   at Microsoft.AspNetCore.Hosting.GenericWebHostService.StartAsync(CancellationToken cancellationToken)
   at Microsoft.Extensions.Hosting.Internal.Host.StartAsync(CancellationToken cancellationToken)
   at Microsoft.Extensions.Hosting.HostingAbstractionsHostExtensions.RunAsync(IHost host, CancellationToken token)
   at Microsoft.Extensions.Hosting.HostingAbstractionsHostExtensions.RunAsync(IHost host, CancellationToken token)
   at Microsoft.Extensions.Hosting.HostingAbstractionsHostExtensions.Run(IHost host)
   at ASPNETCore.Program.Main(String[] args) in C:\Users\borsu\Documents\school\msa\tutorial\ASP.NET-Core\Program.cs:line 48
debug|2020-11-22 23:21:00.6838:
 caller:    ASPNETCore.Program.Main
 message:   init main
 exception: 
debug|2020-11-22 23:21:00.7794:
 caller:    ASPNETCore.Program.Main
 message:   path to appsetting.json file set to: C:\Users\borsu\Documents\school\msa\tutorial\ASP.NET-Core\bin\Debug\netcoreapp3.1
 exception: 
debug|2020-11-22 23:21:00.7794:
 caller:    ASPNETCore.Program.Main
 message:   Starting app
 exception: 
debug|2020-11-22 23:21:13.6350:
 caller:    ASPNETCore.Program.Main
 message:   init main
 exception: 
debug|2020-11-22 23:21:13.7421:
 caller:    ASPNETCore.Program.Main
 message:   path to appsetting.json file set to: C:\Users\borsu\Documents\school\msa\tutorial\ASP.NET-Core\bin\Debug\netcoreapp3.1
 exception: 
debug|2020-11-22 23:21:13.7421:
 caller:    ASPNETCore.Program.Main
 message:   Starting app
 exception: 
